TN:
SF:script/DeployMCD.s.sol
FN:9,DeployMCD.run
FNDA:22,DeployMCD.run
DA:10,22
DA:10,22
DA:10,22
DA:11,22
DA:11,22
DA:11,22
DA:13,22
DA:13,22
DA:14,22
DA:14,22
DA:14,22
DA:15,22
DA:15,22
DA:16,22
DA:16,22
DA:17,22
DA:17,22
DA:19,22
DA:19,22
FNF:1
FNH:1
LF:8
LH:8
BRF:0
BRH:0
end_of_record
TN:
SF:script/DeployMCM.s.sol
FN:9,DeployMCM.run
FNDA:24,DeployMCM.run
DA:10,24
DA:10,24
DA:10,24
DA:11,24
DA:11,24
DA:11,24
DA:13,24
DA:13,24
DA:14,24
DA:14,24
DA:14,24
DA:15,24
DA:15,24
DA:16,24
DA:16,24
DA:17,24
DA:17,24
DA:19,24
DA:19,24
FNF:1
FNH:1
LF:8
LH:8
BRF:0
BRH:0
end_of_record
TN:
SF:script/DeployMPM.s.sol
FN:11,DeployMPM.run
FNDA:22,DeployMPM.run
DA:12,22
DA:12,22
DA:12,22
DA:13,22
DA:13,22
DA:13,22
DA:15,22
DA:15,22
DA:16,22
DA:16,22
DA:16,22
DA:17,22
DA:17,22
DA:18,22
DA:18,22
DA:19,22
DA:19,22
DA:21,22
DA:21,22
FNF:1
FNH:1
LF:8
LH:8
BRF:0
BRH:0
end_of_record
TN:
SF:script/HelperConfig.s.sol
FN:16,HelperConfig.
FNDA:14,HelperConfig.
DA:17,9
DA:17,9
BRDA:17,0,0,5
BRDA:17,0,1,10
DA:17,5
DA:18,10
DA:18,10
BRDA:18,1,0,2
BRDA:18,1,1,9
DA:18,2
DA:19,14
DA:19,14
BRDA:19,2,0,1
BRDA:19,2,1,10
DA:19,1
DA:20,9
DA:20,9
BRDA:20,3,0,6
BRDA:20,3,1,9
DA:20,6
DA:21,9
DA:21,9
BRDA:21,4,0,1
BRDA:21,4,1,9
DA:21,1
FN:24,HelperConfig.getMainnetConfig
FNDA:2,HelperConfig.getMainnetConfig
DA:25,2
DA:25,2
FN:33,HelperConfig.getPolygonConfig
FNDA:2,HelperConfig.getPolygonConfig
DA:34,2
DA:34,2
FN:42,HelperConfig.getAvalancheConfig
FNDA:2,HelperConfig.getAvalancheConfig
DA:43,2
DA:43,2
FN:51,HelperConfig.getSepoliaConfig
FNDA:6,HelperConfig.getSepoliaConfig
DA:52,6
DA:52,6
FN:60,HelperConfig.getLocalConfig
FNDA:2,HelperConfig.getLocalConfig
DA:61,2
DA:61,2
FNF:6
FNH:6
LF:10
LH:10
BRF:10
BRH:10
end_of_record
TN:
SF:script/Interactions.s.sol
FN:22,DecreaseLiquidity.run
FNDA:1,DecreaseLiquidity.run
DA:23,1
DA:23,1
DA:23,1
DA:24,1
DA:24,1
DA:24,1
DA:26,1
DA:26,1
DA:27,1
DA:27,1
DA:28,1
DA:28,1
FN:48,GatherCoins.run
FNDA:1,GatherCoins.run
DA:49,1
DA:49,1
DA:49,1
DA:51,1
DA:51,1
DA:52,1
DA:52,1
DA:53,1
DA:53,1
FN:10,Collect.run
FNDA:1,Collect.run
DA:11,1
DA:11,1
DA:11,1
DA:13,1
DA:13,1
DA:14,1
DA:14,1
DA:15,1
DA:15,1
FN:35,Burn.run
FNDA:1,Burn.run
DA:36,1
DA:36,1
DA:36,1
DA:37,1
DA:37,1
DA:37,1
DA:39,1
DA:39,1
DA:40,1
DA:40,1
DA:41,1
DA:41,1
DA:42,1
DA:42,1
DA:43,1
DA:43,1
FNF:4
FNH:4
LF:20
LH:20
BRF:0
BRH:0
end_of_record
TN:
SF:src/MemeCoin.sol
FN:24,MemeCoin.
FNDA:133,MemeCoin.
DA:25,28
DA:25,28
BRDA:25,0,0,1
BRDA:25,0,1,17
DA:25,1
DA:28,17
DA:28,17
DA:29,27
DA:29,27
DA:30,27
DA:30,27
DA:33,76
DA:33,76
DA:33,37
DA:35,27
DA:35,27
DA:35,48
DA:35,31
DA:36,31
DA:36,31
DA:36,31
DA:37,41
DA:37,41
FNF:1
FNH:1
LF:8
LH:8
BRF:2
BRH:2
end_of_record
TN:
SF:src/MemeCoinDexer.sol
FN:42,MemeCoinDexer.
FNDA:8,MemeCoinDexer.
DA:43,4
DA:43,4
DA:44,2
DA:44,2
DA:45,2
DA:45,2
FN:57,MemeCoinDexer.dexMeme
FNDA:18,MemeCoinDexer.dexMeme
DA:58,18
DA:58,18
BRDA:58,0,0,1
BRDA:58,0,1,17
DA:58,1
DA:60,17
DA:60,17
DA:62,17
DA:62,17
DA:65,16
DA:65,16
DA:68,16
DA:68,16
DA:69,16
DA:69,16
DA:72,16
DA:72,16
DA:72,16
DA:86,16
DA:86,16
DA:86,16
DA:89,16
DA:89,16
DA:90,16
DA:90,16
DA:92,16
DA:92,16
DA:94,16
DA:94,16
FN:100,MemeCoinDexer.swapETH
FNDA:17,MemeCoinDexer.swapETH
DA:101,17
DA:101,17
DA:101,17
DA:103,17
DA:103,17
BRDA:103,1,0,1
BRDA:103,1,1,16
DA:103,1
DA:105,16
DA:105,16
FN:112,MemeCoinDexer.collect
FNDA:6,MemeCoinDexer.collect
DA:113,6
DA:113,6
DA:113,6
DA:120,6
DA:120,6
FN:131,MemeCoinDexer.decreaseLiquidity
FNDA:5,MemeCoinDexer.decreaseLiquidity
DA:132,5
DA:132,5
BRDA:132,2,0,1
BRDA:132,2,1,4
DA:132,1
DA:134,4
DA:134,4
DA:134,4
DA:142,4
DA:142,4
FN:150,MemeCoinDexer.burn
FNDA:3,MemeCoinDexer.burn
DA:151,3
DA:151,3
BRDA:151,3,0,1
BRDA:151,3,1,2
DA:151,1
DA:153,2
DA:153,2
FN:158,MemeCoinDexer.gatherCoins
FNDA:3,MemeCoinDexer.gatherCoins
DA:159,3
DA:159,3
DA:161,3
DA:161,3
FN:167,MemeCoinDexer.getAllTokens
FNDA:7,MemeCoinDexer.getAllTokens
DA:168,7
DA:168,7
FN:172,MemeCoinDexer.getDexedCoins
FNDA:1,MemeCoinDexer.getDexedCoins
DA:173,1
DA:173,1
FN:179,MemeCoinDexer.getUserTokenBalance
FNDA:25,MemeCoinDexer.getUserTokenBalance
DA:180,25
DA:180,25
DA:180,25
FN:184,MemeCoinDexer.getConstructorData
FNDA:1,MemeCoinDexer.getConstructorData
DA:185,1
DA:185,1
FNF:11
FNH:11
LF:31
LH:31
BRF:8
BRH:8
end_of_record
TN:
SF:src/MemeCoinMinter.sol
FN:16,MemeCoinMinter.
FNDA:1,MemeCoinMinter.
FN:22,MemeCoinMinter.mintCoinAndRequestDex
FNDA:16,MemeCoinMinter.mintCoinAndRequestDex
DA:23,16
DA:23,16
DA:23,16
DA:25,16
DA:25,16
DA:27,16
DA:27,16
DA:29,16
DA:29,16
FNF:2
FNH:2
LF:4
LH:4
BRF:0
BRH:0
end_of_record
TN:
SF:src/MemeProcessManager.sol
FN:72,MemeProcessManager.
FNDA:8,MemeProcessManager.
DA:73,3
DA:73,3
DA:74,2
DA:74,2
DA:75,2
DA:75,2
DA:76,2
DA:76,2
FN:84,MemeProcessManager.createMeme
FNDA:39,MemeProcessManager.createMeme
DA:85,39
DA:85,39
DA:87,39
DA:87,39
DA:88,39
DA:88,39
DA:89,39
DA:89,39
DA:90,39
DA:90,39
DA:92,39
DA:92,39
DA:94,39
DA:94,39
DA:96,39
DA:96,39
FN:101,MemeProcessManager.fundMeme
FNDA:46,MemeProcessManager.fundMeme
DA:102,46
DA:102,46
BRDA:102,0,0,1
BRDA:102,0,1,45
DA:102,1
DA:103,45
DA:103,45
BRDA:103,1,0,1
BRDA:103,1,1,44
DA:103,1
DA:104,44
DA:104,44
DA:105,44
DA:105,44
BRDA:105,2,0,1
BRDA:105,2,1,43
DA:105,1
DA:107,43
DA:107,43
DA:108,43
DA:108,43
BRDA:108,3,0,43
BRDA:108,3,1,43
DA:108,43
DA:109,43
DA:109,43
DA:111,43
DA:111,43
FN:115,MemeProcessManager.refund
FNDA:5,MemeProcessManager.refund
DA:116,5
DA:116,5
DA:118,5
DA:118,5
BRDA:118,4,0,3
BRDA:118,4,1,2
DA:119,3
DA:119,3
DA:121,2
DA:121,2
DA:124,3
DA:124,3
DA:124,3
DA:126,3
DA:126,3
BRDA:126,5,0,1
BRDA:126,5,1,2
DA:127,1
DA:127,1
DA:128,1
DA:128,1
DA:131,2
DA:131,2
FN:138,MemeProcessManager.hypeMeme
FNDA:17,MemeProcessManager.hypeMeme
DA:139,17
DA:139,17
DA:141,17
DA:141,17
DA:142,17
DA:142,17
DA:142,17
DA:144,17
DA:144,17
DA:144,46
DA:144,29
DA:145,29
DA:145,29
DA:149,17
DA:149,17
DA:149,17
DA:150,17
DA:150,17
BRDA:150,6,0,1
BRDA:150,6,1,16
DA:150,1
DA:156,16
DA:156,16
DA:156,16
DA:159,16
DA:159,16
DA:159,16
DA:171,16
DA:171,16
DA:173,16
DA:173,16
DA:174,16
DA:174,16
FN:179,MemeProcessManager.killMeme
FNDA:5,MemeProcessManager.killMeme
DA:180,5
DA:180,5
DA:182,5
DA:182,5
DA:184,5
DA:184,5
DA:184,10
DA:184,5
DA:185,5
DA:185,5
DA:186,5
DA:186,5
DA:188,5
DA:188,5
DA:189,5
DA:189,5
DA:192,5
DA:192,5
FN:201,MemeProcessManager.checkUpkeep
FNDA:4,MemeProcessManager.checkUpkeep
DA:202,19
DA:202,19
DA:203,19
DA:203,19
DA:203,19
DA:205,19
DA:205,19
DA:207,19
DA:207,19
FN:212,MemeProcessManager.performUpkeep
FNDA:15,MemeProcessManager.performUpkeep
DA:213,15
DA:213,15
DA:213,15
DA:215,15
DA:215,15
BRDA:215,7,0,1
BRDA:215,7,1,14
DA:215,1
DA:217,14
DA:217,14
DA:219,14
DA:219,14
DA:219,47
DA:219,33
DA:220,34
DA:220,34
DA:221,34
DA:221,34
DA:223,34
DA:223,34
DA:223,34
DA:223,17
BRDA:223,8,0,17
BRDA:223,8,1,33
DA:223,17
DA:225,33
DA:225,33
DA:225,33
DA:225,33
DA:225,5
DA:225,5
BRDA:225,9,0,5
BRDA:225,9,1,33
DA:225,5
DA:227,33
DA:227,33
DA:230,13
DA:230,13
DA:231,13
DA:231,13
DA:233,13
DA:233,13
FN:241,MemeProcessManager.getFunderToFunds
FNDA:1,MemeProcessManager.getFunderToFunds
DA:242,1
DA:242,1
FN:248,MemeProcessManager.getMemeData
FNDA:11,MemeProcessManager.getMemeData
DA:249,11
DA:249,11
BRDA:249,10,0,1
BRDA:249,10,1,10
DA:249,1
DA:250,10
DA:250,10
DA:252,10
DA:252,10
DA:254,10
DA:254,10
DA:254,19
DA:254,9
DA:255,9
DA:255,9
DA:258,10
DA:258,10
FN:261,MemeProcessManager.getUnprocessedMemes
FNDA:3,MemeProcessManager.getUnprocessedMemes
DA:262,3
DA:262,3
FN:265,MemeProcessManager.getConstructorData
FNDA:3,MemeProcessManager.getConstructorData
DA:266,3
DA:266,3
FNF:12
FNH:12
LF:74
LH:74
BRF:22
BRH:22
end_of_record
TN:
SF:test/mods/SkipNetwork.sol
FN:8,SkipNetwork.skipForkNetwork
FNDA:4,SkipNetwork.skipForkNetwork
DA:11,4
DA:11,4
FN:16,SkipNetwork.skipLocalNetwork
FNDA:3,SkipNetwork.skipLocalNetwork
DA:17,3
DA:17,3
BRDA:17,0,0,3
BRDA:17,0,1,3
DA:17,3
DA:19,3
DA:19,3
FNF:2
FNH:2
LF:3
LH:3
BRF:2
BRH:2
end_of_record
