TN:
SF:script/DeployAsta.s.sol
FN:8,DeployAsta.run
FNDA:0,DeployAsta.run
DA:9,0
DA:9,0
DA:9,0
DA:11,0
DA:11,0
DA:12,0
DA:12,0
DA:12,0
DA:13,0
DA:13,0
DA:13,0
DA:14,0
DA:14,0
DA:15,0
DA:15,0
DA:16,0
DA:16,0
DA:18,0
DA:18,0
FNF:1
FNH:0
LF:8
LH:0
BRF:0
BRH:0
end_of_record
TN:
SF:script/DeployMCD.s.sol
FN:8,DeployMCD.run
FNDA:12,DeployMCD.run
DA:9,12
DA:9,12
DA:9,12
DA:11,12
DA:11,12
DA:12,12
DA:12,12
DA:12,12
DA:13,12
DA:13,12
DA:14,12
DA:14,12
DA:15,12
DA:15,12
DA:17,12
DA:17,12
FNF:1
FNH:1
LF:7
LH:7
BRF:0
BRH:0
end_of_record
TN:
SF:script/DeployMCM.s.sol
FN:8,DeployMCM.run
FNDA:12,DeployMCM.run
DA:9,12
DA:9,12
DA:9,12
DA:11,12
DA:11,12
DA:12,12
DA:12,12
DA:12,12
DA:13,12
DA:13,12
DA:14,12
DA:14,12
DA:15,12
DA:15,12
DA:17,12
DA:17,12
FNF:1
FNH:1
LF:7
LH:7
BRF:0
BRH:0
end_of_record
TN:
SF:script/DeployMPM.s.sol
FN:8,DeployMPM.run
FNDA:12,DeployMPM.run
DA:9,12
DA:9,12
DA:9,12
DA:11,12
DA:11,12
DA:12,12
DA:12,12
DA:12,12
DA:13,12
DA:13,12
DA:14,12
DA:14,12
DA:15,12
DA:15,12
DA:17,12
DA:17,12
FNF:1
FNH:1
LF:7
LH:7
BRF:0
BRH:0
end_of_record
TN:
SF:script/Interactions.s.sol
FN:56,CheckTokenBalance.checkBalance
FNDA:0,CheckTokenBalance.checkBalance
DA:57,0
DA:57,0
DA:57,0
FN:60,CheckTokenBalance.run
FNDA:0,CheckTokenBalance.run
DA:61,0
DA:61,0
DA:61,0
DA:63,0
DA:63,0
DA:65,0
DA:65,0
FN:37,CreatePool.run
FNDA:0,CreatePool.run
DA:38,0
DA:38,0
FN:41,CreatePool.pool
FNDA:0,CreatePool.pool
DA:42,0
DA:42,0
DA:42,0
DA:44,0
DA:44,0
DA:45,0
DA:45,0
DA:45,0
DA:46,0
DA:46,0
BRDA:46,0,0,-
BRDA:46,0,1,-
DA:46,0
DA:48,0
DA:48,0
DA:49,0
DA:49,0
FN:17,SwapETH.run
FNDA:0,SwapETH.run
DA:18,0
DA:18,0
FN:21,SwapETH.swap
FNDA:0,SwapETH.swap
DA:22,0
DA:22,0
DA:22,0
DA:24,0
DA:24,0
DA:25,0
DA:25,0
DA:25,0
DA:26,0
DA:26,0
BRDA:26,0,0,-
BRDA:26,0,1,-
DA:26,0
DA:28,0
DA:28,0
DA:29,0
DA:29,0
FNF:6
FNH:0
LF:18
LH:0
BRF:4
BRH:0
end_of_record
TN:
SF:src/Asta.sol
FN:11,Asta.
FNDA:0,Asta.
DA:12,0
DA:12,0
FNF:1
FNH:0
LF:1
LH:0
BRF:0
BRH:0
end_of_record
TN:
SF:src/MemeCoin.sol
FN:24,MemeCoin.
FNDA:8,MemeCoin.
DA:25,3
DA:25,3
BRDA:25,0,0,-
BRDA:25,0,1,2
DA:25,0
DA:28,2
DA:28,2
DA:29,3
DA:29,3
DA:30,3
DA:30,3
DA:33,4
DA:33,4
DA:33,4
DA:35,3
DA:35,3
DA:35,7
DA:35,5
DA:36,4
DA:36,4
DA:36,4
DA:37,4
DA:37,4
FNF:1
FNH:1
LF:8
LH:8
BRF:2
BRH:1
end_of_record
TN:
SF:src/MemeCoinDexer.sol
FN:42,MemeCoinDexer.
FNDA:0,MemeCoinDexer.
DA:43,0
DA:43,0
FN:55,MemeCoinDexer.dexMeme
FNDA:2,MemeCoinDexer.dexMeme
DA:56,2
DA:56,2
BRDA:56,0,0,-
BRDA:56,0,1,2
DA:56,0
DA:57,2
DA:57,2
DA:59,2
DA:59,2
DA:62,2
DA:62,2
DA:65,2
DA:65,2
DA:66,2
DA:66,2
DA:69,2
DA:69,2
DA:69,2
DA:83,2
DA:83,2
DA:83,2
DA:85,2
DA:85,2
DA:86,2
DA:86,2
DA:88,2
DA:88,2
DA:90,2
DA:90,2
FN:96,MemeCoinDexer.swapETH
FNDA:2,MemeCoinDexer.swapETH
DA:97,2
DA:97,2
DA:97,2
DA:99,2
DA:99,2
BRDA:99,1,0,-
BRDA:99,1,1,2
DA:99,0
DA:101,2
DA:101,2
FN:108,MemeCoinDexer.collectFees
FNDA:0,MemeCoinDexer.collectFees
DA:109,0
DA:109,0
DA:109,0
DA:111,0
DA:111,0
DA:111,0
DA:118,0
DA:118,0
DA:120,0
DA:120,0
FN:129,MemeCoinDexer.decreaseLiquidity
FNDA:0,MemeCoinDexer.decreaseLiquidity
DA:130,0
DA:130,0
BRDA:130,2,0,-
BRDA:130,2,1,-
DA:130,0
DA:132,0
DA:132,0
DA:132,0
DA:140,0
DA:140,0
DA:142,0
DA:142,0
FN:148,MemeCoinDexer.burn
FNDA:0,MemeCoinDexer.burn
DA:149,0
DA:149,0
BRDA:149,3,0,-
BRDA:149,3,1,-
DA:149,0
DA:151,0
DA:151,0
FN:157,MemeCoinDexer.getAllTokens
FNDA:1,MemeCoinDexer.getAllTokens
DA:158,1
DA:158,1
FN:162,MemeCoinDexer.getDexedCoins
FNDA:1,MemeCoinDexer.getDexedCoins
DA:163,1
DA:163,1
FN:167,MemeCoinDexer.getUserTokenBalance
FNDA:7,MemeCoinDexer.getUserTokenBalance
DA:168,7
DA:168,7
DA:168,7
FN:171,MemeCoinDexer.getConstructorData
FNDA:0,MemeCoinDexer.getConstructorData
DA:172,0
DA:172,0
FNF:10
FNH:5
LF:30
LH:18
BRF:8
BRH:2
end_of_record
TN:
SF:src/MemeCoinMinter.sol
FN:16,MemeCoinMinter.
FNDA:0,MemeCoinMinter.
FN:22,MemeCoinMinter.mintCoinAndRequestDex
FNDA:2,MemeCoinMinter.mintCoinAndRequestDex
DA:23,2
DA:23,2
DA:23,2
DA:25,2
DA:25,2
DA:27,2
DA:27,2
DA:29,2
DA:29,2
FNF:2
FNH:1
LF:4
LH:4
BRF:0
BRH:0
end_of_record
TN:
SF:src/MemeProcessManager.sol
FN:72,MemeProcessManager.
FNDA:5,MemeProcessManager.
DA:73,3
DA:73,3
DA:74,2
DA:74,2
DA:75,3
DA:75,3
DA:76,2
DA:76,2
FN:84,MemeProcessManager.createMeme
FNDA:15,MemeProcessManager.createMeme
DA:85,15
DA:85,15
DA:87,15
DA:87,15
DA:88,15
DA:88,15
DA:89,15
DA:89,15
DA:90,15
DA:90,15
DA:92,15
DA:92,15
DA:94,15
DA:94,15
DA:96,15
DA:96,15
FN:101,MemeProcessManager.fundMeme
FNDA:17,MemeProcessManager.fundMeme
DA:102,17
DA:102,17
BRDA:102,0,0,1
BRDA:102,0,1,16
DA:102,1
DA:103,16
DA:103,16
BRDA:103,1,0,1
BRDA:103,1,1,15
DA:103,1
DA:104,15
DA:104,15
DA:105,15
DA:105,15
BRDA:105,2,0,1
BRDA:105,2,1,14
DA:105,1
DA:107,14
DA:107,14
DA:108,14
DA:108,14
BRDA:108,3,0,14
BRDA:108,3,1,14
DA:108,14
DA:109,14
DA:109,14
DA:111,14
DA:111,14
FN:115,MemeProcessManager.refund
FNDA:5,MemeProcessManager.refund
DA:116,5
DA:116,5
DA:118,5
DA:118,5
BRDA:118,4,0,3
BRDA:118,4,1,2
DA:119,3
DA:119,3
DA:121,2
DA:121,2
DA:124,3
DA:124,3
DA:124,3
DA:126,3
DA:126,3
BRDA:126,5,0,1
BRDA:126,5,1,2
DA:127,1
DA:127,1
DA:128,1
DA:128,1
DA:131,2
DA:131,2
FN:138,MemeProcessManager.hypeMeme
FNDA:3,MemeProcessManager.hypeMeme
DA:139,3
DA:139,3
DA:141,3
DA:141,3
DA:142,3
DA:142,3
DA:142,3
DA:144,3
DA:144,3
DA:144,8
DA:144,5
DA:145,5
DA:145,5
DA:149,3
DA:149,3
DA:149,3
DA:150,3
DA:150,3
BRDA:150,6,0,1
BRDA:150,6,1,2
DA:150,1
DA:156,2
DA:156,2
DA:156,2
DA:159,2
DA:159,2
DA:159,2
DA:171,2
DA:171,2
DA:173,2
DA:173,2
DA:174,2
DA:174,2
FN:179,MemeProcessManager.killMeme
FNDA:5,MemeProcessManager.killMeme
DA:180,5
DA:180,5
DA:182,5
DA:182,5
DA:184,5
DA:184,5
DA:184,10
DA:184,5
DA:185,5
DA:185,5
DA:186,5
DA:186,5
DA:188,5
DA:188,5
DA:189,5
DA:189,5
DA:192,5
DA:192,5
FN:201,MemeProcessManager.checkUpkeep
FNDA:4,MemeProcessManager.checkUpkeep
DA:202,10
DA:202,10
DA:203,10
DA:203,10
DA:203,10
DA:205,10
DA:205,10
DA:207,10
DA:207,10
FN:212,MemeProcessManager.performUpkeep
FNDA:6,MemeProcessManager.performUpkeep
DA:213,6
DA:213,6
DA:213,6
DA:215,6
DA:215,6
BRDA:215,7,0,1
BRDA:215,7,1,5
DA:215,1
DA:217,5
DA:217,5
DA:219,5
DA:219,5
DA:219,14
DA:219,9
DA:220,10
DA:220,10
DA:221,10
DA:221,10
DA:223,10
DA:223,10
DA:223,10
DA:223,3
BRDA:223,8,0,3
BRDA:223,8,1,9
DA:223,3
DA:225,9
DA:225,9
DA:225,9
DA:225,9
DA:225,5
DA:225,5
BRDA:225,9,0,5
BRDA:225,9,1,9
DA:225,5
DA:227,9
DA:227,9
DA:230,4
DA:230,4
DA:231,4
DA:231,4
DA:233,4
DA:233,4
FN:241,MemeProcessManager.getFunderToFunds
FNDA:1,MemeProcessManager.getFunderToFunds
DA:242,1
DA:242,1
FN:248,MemeProcessManager.getMemeData
FNDA:7,MemeProcessManager.getMemeData
DA:249,7
DA:249,7
BRDA:249,10,0,1
BRDA:249,10,1,6
DA:249,1
DA:250,6
DA:250,6
DA:252,6
DA:252,6
DA:254,6
DA:254,6
DA:254,10
DA:254,4
DA:255,4
DA:255,4
DA:258,6
DA:258,6
FN:261,MemeProcessManager.getUnprocessedMemes
FNDA:2,MemeProcessManager.getUnprocessedMemes
DA:262,2
DA:262,2
FN:265,MemeProcessManager.getConstructorData
FNDA:3,MemeProcessManager.getConstructorData
DA:266,3
DA:266,3
FNF:12
FNH:12
LF:74
LH:74
BRF:22
BRH:22
end_of_record
